<?xml version="1.0" encoding="UTF-8"?>
<!-- Generated by org.testng.reporters.JUnitReportReporter -->
<testsuite skipped="0" hostname="NITISHS-FQ0M0" name="tests.SignInTest1" tests="1" failures="0" timestamp="08 Apr 2018 08:05:29 GMT" time="42.138" errors="0">
  <testcase name="shouldThrowAnErrorIfSignInDetailsAreMissing" time="42.138" classname="tests.SignInTest1"/>
</testsuite> <!-- tests.SignInTest1 -->
